0 info it worked if it ends with ok
1 verbose cli [ 'C:\\Program Files\\nodejs\\node.exe',
1 verbose cli   'C:\\Program Files\\nodejs\\node_modules\\npm\\bin\\npm-cli.js',
1 verbose cli   'install',
1 verbose cli   'ion-image-lazy-load',
1 verbose cli   '--save' ]
2 info using npm@2.15.5
3 info using node@v4.4.5
4 verbose install initial load of D:\aiya-app\package.json
5 warn package.json app@1.1.1 No repository field.
6 warn package.json app@1.1.1 No README data
7 warn package.json app@1.1.1 No license field.
8 verbose installManyTop reading scoped package data from D:\aiya-app\node_modules\gulp\package.json
9 verbose installManyTop reading scoped package data from D:\aiya-app\node_modules\gulp-compass\package.json
10 verbose installManyTop reading scoped package data from D:\aiya-app\node_modules\gulp-concat\package.json
11 verbose installManyTop reading scoped package data from D:\aiya-app\node_modules\gulp-if\package.json
12 verbose installManyTop reading scoped package data from D:\aiya-app\node_modules\gulp-imagemin\package.json
13 verbose installManyTop reading scoped package data from D:\aiya-app\node_modules\gulp-minify-css\package.json
14 verbose installManyTop reading scoped package data from D:\aiya-app\node_modules\gulp-rename\package.json
15 verbose installManyTop reading scoped package data from D:\aiya-app\node_modules\gulp-sass\package.json
16 verbose installManyTop reading scoped package data from D:\aiya-app\node_modules\gulp-sourcemaps\package.json
17 verbose installManyTop reading scoped package data from D:\aiya-app\node_modules\gulp-uglify\package.json
18 info package.json gulp-rename@1.2.2 No license field.
19 info package.json gulp-minify-css@1.2.4 No repository field.
20 verbose readDependencies loading dependencies from D:\aiya-app\package.json
21 silly cache add args [ 'ion-image-lazy-load', null ]
22 verbose cache add spec ion-image-lazy-load
23 silly cache add parsed spec Result {
23 silly cache add   raw: 'ion-image-lazy-load',
23 silly cache add   scope: null,
23 silly cache add   name: 'ion-image-lazy-load',
23 silly cache add   rawSpec: '',
23 silly cache add   spec: 'latest',
23 silly cache add   type: 'tag' }
24 silly addNamed ion-image-lazy-load@latest
25 verbose addNamed "latest" is being treated as a dist-tag for ion-image-lazy-load
26 info addNameTag [ 'ion-image-lazy-load', 'latest' ]
27 silly mapToRegistry name ion-image-lazy-load
28 silly mapToRegistry using default registry
29 silly mapToRegistry registry https://registry.npmjs.org/
30 silly mapToRegistry data Result {
30 silly mapToRegistry   raw: 'ion-image-lazy-load',
30 silly mapToRegistry   scope: null,
30 silly mapToRegistry   name: 'ion-image-lazy-load',
30 silly mapToRegistry   rawSpec: '',
30 silly mapToRegistry   spec: 'latest',
30 silly mapToRegistry   type: 'tag' }
31 silly mapToRegistry uri https://registry.npmjs.org/ion-image-lazy-load
32 verbose addNameTag registry:https://registry.npmjs.org/ion-image-lazy-load not in flight; fetching
33 verbose request uri https://registry.npmjs.org/ion-image-lazy-load
34 verbose request no auth needed
35 info attempt registry request try #1 at 16:42:04
36 verbose request id 5c4eb42f20405efc
37 http request GET https://registry.npmjs.org/ion-image-lazy-load
38 http 404 https://registry.npmjs.org/ion-image-lazy-load
39 verbose headers { 'content-type': 'application/json',
39 verbose headers   'cache-control': 'max-age=0',
39 verbose headers   'content-length': '2',
39 verbose headers   'accept-ranges': 'bytes',
39 verbose headers   date: 'Wed, 13 Jul 2016 08:42:18 GMT',
39 verbose headers   via: '1.1 varnish',
39 verbose headers   age: '0',
39 verbose headers   connection: 'keep-alive',
39 verbose headers   'x-served-by': 'cache-lcy1126-LCY',
39 verbose headers   'x-cache': 'MISS',
39 verbose headers   'x-cache-hits': '0',
39 verbose headers   'x-timer': 'S1468399338.860582,VS0,VE91',
39 verbose headers   vary: 'Accept-Encoding' }
40 silly get cb [ 404,
40 silly get   { 'content-type': 'application/json',
40 silly get     'cache-control': 'max-age=0',
40 silly get     'content-length': '2',
40 silly get     'accept-ranges': 'bytes',
40 silly get     date: 'Wed, 13 Jul 2016 08:42:18 GMT',
40 silly get     via: '1.1 varnish',
40 silly get     age: '0',
40 silly get     connection: 'keep-alive',
40 silly get     'x-served-by': 'cache-lcy1126-LCY',
40 silly get     'x-cache': 'MISS',
40 silly get     'x-cache-hits': '0',
40 silly get     'x-timer': 'S1468399338.860582,VS0,VE91',
40 silly get     vary: 'Accept-Encoding' } ]
41 verbose stack Error: Registry returned 404 for GET on https://registry.npmjs.org/ion-image-lazy-load
41 verbose stack     at makeError (C:\Program Files\nodejs\node_modules\npm\node_modules\npm-registry-client\lib\request.js:264:12)
41 verbose stack     at CachingRegistryClient.<anonymous> (C:\Program Files\nodejs\node_modules\npm\node_modules\npm-registry-client\lib\request.js:242:14)
41 verbose stack     at Request._callback (C:\Program Files\nodejs\node_modules\npm\node_modules\npm-registry-client\lib\request.js:172:14)
41 verbose stack     at Request.self.callback (C:\Program Files\nodejs\node_modules\npm\node_modules\request\request.js:200:22)
41 verbose stack     at emitTwo (events.js:87:13)
41 verbose stack     at Request.emit (events.js:172:7)
41 verbose stack     at Request.<anonymous> (C:\Program Files\nodejs\node_modules\npm\node_modules\request\request.js:1067:10)
41 verbose stack     at emitOne (events.js:82:20)
41 verbose stack     at Request.emit (events.js:169:7)
41 verbose stack     at IncomingMessage.<anonymous> (C:\Program Files\nodejs\node_modules\npm\node_modules\request\request.js:988:12)
42 verbose statusCode 404
43 verbose pkgid ion-image-lazy-load
44 verbose cwd D:\aiya-app
45 error Windows_NT 6.1.7601
46 error argv "C:\\Program Files\\nodejs\\node.exe" "C:\\Program Files\\nodejs\\node_modules\\npm\\bin\\npm-cli.js" "install" "ion-image-lazy-load" "--save"
47 error node v4.4.5
48 error npm  v2.15.5
49 error code E404
50 error 404 Registry returned 404 for GET on https://registry.npmjs.org/ion-image-lazy-load
50 error 404
50 error 404 'ion-image-lazy-load' is not in the npm registry.
50 error 404 You should bug the author to publish it (or use the name yourself!)
50 error 404 It was specified as a dependency of 'app'
50 error 404
50 error 404 Note that you can also install from a
50 error 404 tarball, folder, http url, or git url.
51 verbose exit [ 1, true ]
